2023.02.06 07:22:16 INFO  tracing is disabled for protocol LSP, to enable tracing of incoming and outgoing JSON messages create an empty file at /home/marieme/Documents/22_Scala/hive_Scala/.metals/lsp.trace.json or /home/marieme/.cache/metals/lsp.trace.json
2023.02.06 07:22:16 INFO  logging to file /home/marieme/Documents/22_Scala/hive_Scala/.metals/metals.log
2023.02.06 07:22:16 INFO  Started: Metals version 0.11.10 in workspace '/home/marieme/Documents/22_Scala/hive_Scala' for client Visual Studio Code 1.74.3.
SLF4J: No SLF4J providers were found.
SLF4J: Defaulting to no-operation (NOP) logger implementation
SLF4J: See https://www.slf4j.org/codes.html#noProviders for further details.
SLF4J: Class path contains SLF4J bindings targeting slf4j-api versions 1.7.x or earlier.
SLF4J: Ignoring binding found at [jar:file:/home/marieme/.cache/coursier/v1/https/repo1.maven.org/maven2/com/outr/scribe-slf4j_2.13/3.10.5/scribe-slf4j_2.13-3.10.5.jar!/org/slf4j/impl/StaticLoggerBinder.class]
SLF4J: See https://www.slf4j.org/codes.html#ignoredBindings for an explanation.
2023.02.06 07:22:18 INFO  time: initialize in 1.58s
2023.02.06 07:22:18 WARN  Build server is not auto-connectable.
2023.02.06 07:22:35 WARN  no build target for: /home/marieme/Documents/22_Scala/hive_Scala/src/main/scala/createTables.scala
2023.02.06 07:22:46 INFO  no build target found for /home/marieme/Documents/22_Scala/hive_Scala/src/main/scala/createTables.scala. Using presentation compiler with project's scala-library version: 3.2.1
2023.02.06 07:22:47 INFO  time: code lens generation in 11s
2023.02.06 07:22:47 INFO  time: code lens generation in 1.09s
2023.02.06 07:23:23 WARN  no build target for: /home/marieme/Documents/22_Scala/hive_Scala/src/main/scala/createTables.scala
2023.02.06 07:25:51 WARN  no build target for: /home/marieme/Documents/22_Scala/hive_Scala/src/main/scala/createTables.scala
2023.02.06 07:29:18 INFO  shutting down Metals
2023.02.06 07:36:29 INFO  tracing is disabled for protocol LSP, to enable tracing of incoming and outgoing JSON messages create an empty file at /home/marieme/Documents/22_Scala/hive_Scala/.metals/lsp.trace.json or /home/marieme/.cache/metals/lsp.trace.json
2023.02.06 07:36:30 INFO  logging to file /home/marieme/Documents/22_Scala/hive_Scala/.metals/metals.log
2023.02.06 07:36:30 INFO  Started: Metals version 0.11.10 in workspace '/home/marieme/Documents/22_Scala/hive_Scala' for client Visual Studio Code 1.74.3.
SLF4J: No SLF4J providers were found.
SLF4J: Defaulting to no-operation (NOP) logger implementation
SLF4J: See https://www.slf4j.org/codes.html#noProviders for further details.
SLF4J: Class path contains SLF4J bindings targeting slf4j-api versions 1.7.x or earlier.
SLF4J: Ignoring binding found at [jar:file:/home/marieme/.cache/coursier/v1/https/repo1.maven.org/maven2/com/outr/scribe-slf4j_2.13/3.10.5/scribe-slf4j_2.13-3.10.5.jar!/org/slf4j/impl/StaticLoggerBinder.class]
SLF4J: See https://www.slf4j.org/codes.html#ignoredBindings for an explanation.
2023.02.06 07:36:31 INFO  time: initialize in 1.11s
2023.02.06 07:36:31 WARN  Build server is not auto-connectable.
2023.02.06 07:36:31 WARN  no build target for: /home/marieme/Documents/22_Scala/hive_Scala/src/main/scala/createTables.scala
févr. 06, 2023 7:36:32 AM org.eclipse.lsp4j.jsonrpc.RemoteEndpoint handleCancellation
AVERTISSEMENT: Unmatched cancel notification for request id 1
2023.02.06 07:36:32 INFO  no build target found for /home/marieme/Documents/22_Scala/hive_Scala/src/main/scala/createTables.scala. Using presentation compiler with project's scala-library version: 3.2.1
2023.02.06 07:36:34 INFO  time: code lens generation in 1.29s
2023.02.06 07:37:28 WARN  no build target for: /home/marieme/Documents/22_Scala/hive_Scala/src/main/scala/createTables.scala
2023.02.06 11:08:37 INFO  shutting down Metals
2023.02.09 08:11:07 INFO  tracing is disabled for protocol LSP, to enable tracing of incoming and outgoing JSON messages create an empty file at /home/marieme/Documents/22_Scala/hive_Scala/.metals/lsp.trace.json or /home/marieme/.cache/metals/lsp.trace.json
2023.02.09 08:11:07 INFO  logging to file /home/marieme/Documents/22_Scala/hive_Scala/.metals/metals.log
2023.02.09 08:11:07 INFO  Started: Metals version 0.11.10 in workspace '/home/marieme/Documents/22_Scala/hive_Scala' for client Visual Studio Code 1.74.3.
SLF4J: No SLF4J providers were found.
SLF4J: Defaulting to no-operation (NOP) logger implementation
SLF4J: See https://www.slf4j.org/codes.html#noProviders for further details.
SLF4J: Class path contains SLF4J bindings targeting slf4j-api versions 1.7.x or earlier.
SLF4J: Ignoring binding found at [jar:file:/home/marieme/.cache/coursier/v1/https/repo1.maven.org/maven2/com/outr/scribe-slf4j_2.13/3.10.5/scribe-slf4j_2.13-3.10.5.jar!/org/slf4j/impl/StaticLoggerBinder.class]
SLF4J: See https://www.slf4j.org/codes.html#ignoredBindings for an explanation.
2023.02.09 08:11:08 INFO  time: initialize in 1.16s
2023.02.09 08:11:09 WARN  Build server is not auto-connectable.
2023.02.09 08:11:09 WARN  no build target for: /home/marieme/Documents/22_Scala/hive_Scala/src/main/scala/createTables.scala
févr. 09, 2023 8:11:09 AM org.eclipse.lsp4j.jsonrpc.RemoteEndpoint handleCancellation
AVERTISSEMENT: Unmatched cancel notification for request id 1
2023.02.09 08:11:10 INFO  no build target found for /home/marieme/Documents/22_Scala/hive_Scala/src/main/scala/createTables.scala. Using presentation compiler with project's scala-library version: 3.2.1
2023.02.09 08:11:12 INFO  time: code lens generation in 1.23s
2023.02.09 08:11:12 INFO  time: code lens generation in 1.22s
2023.02.09 08:11:37 WARN  no build target for: /home/marieme/Documents/22_Scala/hive_Scala/src/main/scala/createTables.scala
2023.02.09 08:27:54 INFO  shutting down Metals
